- output: dnsmasq-2.78.tar.xz
  last: 2018-01-25

  source: http://www.thekelleys.org.uk/dnsmasq/dnsmasq-2.78.tar.xz
  signature: http://www.thekelleys.org.uk/dnsmasq/dnsmasq-2.78.tar.xz.asc

  signing-key: D6EACBD6EE46B834248D111215CDDA6AE19135A2

- output: kubernetes-dns-1.14.8.tar.xz
  last: 2018-01-25

  git: https://github.com/kubernetes/dns
  tag: 1.14.8
  compress: xz

- output: go1.8.6.src.tar.xz
  last: 2018-01-26

  source: https://dl.google.com/go/go1.8.6.src.tar.gz

  hash: efc1221d3ae033c69e149801eff1d9872e214832a89f089fc5beb7a9fd98d9fb
  hash-retrieved-from: https://golang.org/dl/

  compress: gunzip, xz

- output: go1.9.3.src.tar.xz
  last: 2018-01-29

  source: https://dl.google.com/go/go1.9.3.src.tar.gz

  hash: 4e3d0ad6e91e02efa77d54e86c8b9e34fbe1cbc2935b6d38784dca93331c47ae
  hash-retrieved-from: https://golang.org/dl/

  compress: gunzip, xz
